app/build/intermediates/manifest_merge_blame_file/debug/manifest-merger-blame-debug-report.txt
1<?xml version="1.0" encoding="utf-8"?>
2<manifest xmlns:android="http://schemas.android.com/apk/res/android"
3    package="com.denovo.app.invokeiposgosample"
4    android:versionCode="1"
5    android:versionName="1.0" >
6
7    <uses-sdk
8        android:minSdkVersion="28"
8-->src\main\AndroidManifest.xml
9        android:targetSdkVersion="33" />
9-->src\main\AndroidManifest.xml
10
11    <uses-permission android:name="android.permission.READ_EXTERNAL_STORAGE" />
11-->src\main\AndroidManifest.xml:5:5-79
11-->src\main\AndroidManifest.xml:5:22-77
12    <uses-permission
12-->src\main\AndroidManifest.xml:6:5-80
13        android:name="android.permission.WRITE_EXTERNAL_STORAGE"
13-->src\main\AndroidManifest.xml:6:22-78
14        android:maxSdkVersion="28" />
14-->[com.denovo:topliteapp:6.0.0.153] AndroidManifest.xml:53:9-35
15    <uses-permission android:name="android.permission.MANAGE_EXTERNAL_STORAGE" />
15-->src\main\AndroidManifest.xml:7:5-81
15-->src\main\AndroidManifest.xml:7:22-79
16    <uses-permission android:name="android.permission.READ_MEDIA_IMAGES" />
16-->src\main\AndroidManifest.xml:8:5-75
16-->src\main\AndroidManifest.xml:8:22-73
17    <uses-permission android:name="android.permission.READ_MEDIA_VIDEO" />
17-->src\main\AndroidManifest.xml:9:5-74
17-->src\main\AndroidManifest.xml:9:22-72
18    <uses-permission android:name="android.permission.READ_MEDIA_AUDIO" />
18-->src\main\AndroidManifest.xml:10:5-74
18-->src\main\AndroidManifest.xml:10:22-72
19
20    <!--
21    <uses-feature
22        android:name="android.hardware.location.gps"
23        android:required="false" />
24
25    <uses-permission android:name="android.permission.BROADCAST_STICKY" />
26    <uses-permission android:name="android.permission.DISABLE_KEYGUARD" />
27    <uses-permission android:name="android.permission.MODIFY_PHONE_STATE" />
28    <uses-permission android:name="android.permission.INSTALL_PACKAGES" />
29    <uses-permission android:name="android.permission.DELETE_PACKAGES" />
30
31    <uses-permission android:name="android.permission.READ_PRIVILEGED_PHONE_STATE" />
32    <uses-permission android:name="android.permission.REBOOT" />
33    <uses-permission android:name="android.permission.SET_TIME_ZONE" />
34    <uses-permission android:name="android.permission.WRITE_SETTINGS" />
35    <uses-permission android:name="android.permission.WRITE_APN_SETTINGS" />
36    <uses-permission android:name="android.permission.WRITE_SECURE_SETTINGS" />
37    <uses-permission android:name="android.permission.UPDATE_DEVICE_STATS" />
38    -->
39    <!-- TODO DISABLE THIS PERMISSION WHEN BUILD THE PLAY STORE FLAVOUR APP -->
40    <!-- <uses-permission android:name="android.permission.REQUEST_INSTALL_PACKAGES" /> -->
41    <uses-permission android:name="android.permission.WRITE_SETTINGS" />
41-->[com.denovo:topliteapp:6.0.0.153] AndroidManifest.xml:34:5-36:47
41-->[com.denovo:topliteapp:6.0.0.153] AndroidManifest.xml:35:9-57
42    <uses-permission android:name="android.permission.INTERNET" /> <!-- <uses-permission android:name="android.permission.ACTION_INSTALL_PACKAGE" /> -->
42-->[com.denovo:topliteapp:6.0.0.153] AndroidManifest.xml:37:5-67
42-->[com.denovo:topliteapp:6.0.0.153] AndroidManifest.xml:37:22-64
43    <uses-permission android:name="android.permission.ACCESS_COARSE_LOCATION" />
43-->[com.denovo:topliteapp:6.0.0.153] AndroidManifest.xml:39:5-81
43-->[com.denovo:topliteapp:6.0.0.153] AndroidManifest.xml:39:22-78
44    <uses-permission android:name="android.permission.ACCESS_FINE_LOCATION" />
44-->[com.denovo:topliteapp:6.0.0.153] AndroidManifest.xml:40:5-79
44-->[com.denovo:topliteapp:6.0.0.153] AndroidManifest.xml:40:22-76
45    <uses-permission android:name="android.net.conn.CONNECTIVITY_CHANGE" /> <!-- <uses-permission android:name="android.Manifest.permission.WRITE_APN_SETTINGS" /> -->
45-->[com.denovo:topliteapp:6.0.0.153] AndroidManifest.xml:41:5-76
45-->[com.denovo:topliteapp:6.0.0.153] AndroidManifest.xml:41:22-73
46    <uses-permission android:name="android.permission.CHANGE_NETWORK_STATE" />
46-->[com.denovo:topliteapp:6.0.0.153] AndroidManifest.xml:43:5-79
46-->[com.denovo:topliteapp:6.0.0.153] AndroidManifest.xml:43:22-76
47    <uses-permission android:name="android.permission.ACCESS_NETWORK_STATE" />
47-->[com.denovo:topliteapp:6.0.0.153] AndroidManifest.xml:44:5-79
47-->[com.denovo:topliteapp:6.0.0.153] AndroidManifest.xml:44:22-76
48    <uses-permission android:name="android.permission.ACCESS_WIFI_STATE" />
48-->[com.denovo:topliteapp:6.0.0.153] AndroidManifest.xml:45:5-76
48-->[com.denovo:topliteapp:6.0.0.153] AndroidManifest.xml:45:22-73
49    <uses-permission android:name="android.permission.CHANGE_WIFI_STATE" />
49-->[com.denovo:topliteapp:6.0.0.153] AndroidManifest.xml:46:5-76
49-->[com.denovo:topliteapp:6.0.0.153] AndroidManifest.xml:46:22-73
50    <uses-permission android:name="android.permission.READ_PHONE_STATE" />
50-->[com.denovo:topliteapp:6.0.0.153] AndroidManifest.xml:47:5-75
50-->[com.denovo:topliteapp:6.0.0.153] AndroidManifest.xml:47:22-72
51    <uses-permission android:name="android.Manifest.permission.READ_PHONE_STATE" /> <!-- <uses-permission android:name="android.permission.RECEIVE_BOOT_COMPLETED" /> -->
51-->[com.denovo:topliteapp:6.0.0.153] AndroidManifest.xml:48:5-84
51-->[com.denovo:topliteapp:6.0.0.153] AndroidManifest.xml:48:22-81
52    <uses-permission android:name="android.permission.WAKE_LOCK" />
52-->[com.denovo:topliteapp:6.0.0.153] AndroidManifest.xml:50:5-68
52-->[com.denovo:topliteapp:6.0.0.153] AndroidManifest.xml:50:22-65
53    <!--
54        <uses-permission android:name="android.permission.MANAGE_EXTERNAL_STORAGE"
55        tools:ignore="ScopedStorage" />
56    -->
57    <uses-permission android:name="android.permission.VIBRATE" />
57-->[com.denovo:topliteapp:6.0.0.153] AndroidManifest.xml:59:5-66
57-->[com.denovo:topliteapp:6.0.0.153] AndroidManifest.xml:59:22-63
58    <uses-permission android:name="android.permission.NFC" />
58-->[com.denovo:topliteapp:6.0.0.153] AndroidManifest.xml:60:5-62
58-->[com.denovo:topliteapp:6.0.0.153] AndroidManifest.xml:60:22-59
59
60    <uses-feature
60-->[com.denovo:topliteapp:6.0.0.153] AndroidManifest.xml:62:5-64:35
61        android:name="android.hardware.nfc"
61-->[com.denovo:topliteapp:6.0.0.153] AndroidManifest.xml:63:9-44
62        android:required="true" /> <!-- Include required permissions for Advertising Id -->
62-->[com.denovo:topliteapp:6.0.0.153] AndroidManifest.xml:64:9-32
63    <uses-permission android:name="com.google.android.gms.permission.AD_ID" />
63-->[com.google.android.gms:play-services-ads-identifier:18.0.1] AndroidManifest.xml:23:5-79
63-->[com.google.android.gms:play-services-ads-identifier:18.0.1] AndroidManifest.xml:23:22-76
64    <uses-permission android:name="android.permission.RECEIVE_BOOT_COMPLETED" />
64-->[androidx.work:work-runtime:2.7.1] AndroidManifest.xml:27:5-81
64-->[androidx.work:work-runtime:2.7.1] AndroidManifest.xml:27:22-78
65    <uses-permission android:name="android.permission.FOREGROUND_SERVICE" />
65-->[androidx.work:work-runtime:2.7.1] AndroidManifest.xml:28:5-77
65-->[androidx.work:work-runtime:2.7.1] AndroidManifest.xml:28:22-74
66
67    <application
67-->src\main\AndroidManifest.xml:13:5-34:19
68        android:name="com.denovo.app.invokeiposgosample.utility.ThemeApplication"
68-->src\main\AndroidManifest.xml:14:9-49
69        android:allowBackup="true"
69-->src\main\AndroidManifest.xml:15:9-35
70        android:appComponentFactory="androidx.core.app.CoreComponentFactory"
70-->[androidx.core:core:1.8.0] AndroidManifest.xml:24:18-86
71        android:configChanges="locale|orientation"
71-->[com.denovo:topliteapp:6.0.0.153] AndroidManifest.xml:70:9-51
72        android:dataExtractionRules="@xml/data_extraction_rules"
72-->src\main\AndroidManifest.xml:16:9-65
73        android:debuggable="true"
74        android:extractNativeLibs="false"
75        android:fullBackupContent="@xml/backup_rules"
75-->src\main\AndroidManifest.xml:17:9-54
76        android:hardwareAccelerated="true"
76-->[com.denovo:topliteapp:6.0.0.153] AndroidManifest.xml:71:9-43
77        android:icon="@mipmap/ic_launcher"
77-->src\main\AndroidManifest.xml:18:9-43
78        android:label="@string/app_name"
78-->src\main\AndroidManifest.xml:19:9-41
79        android:largeHeap="true"
79-->[com.denovo:topliteapp:6.0.0.153] AndroidManifest.xml:73:9-33
80        android:requestLegacyExternalStorage="true"
80-->[com.denovo:topliteapp:6.0.0.153] AndroidManifest.xml:74:9-52
81        android:roundIcon="@mipmap/ic_launcher_round"
81-->src\main\AndroidManifest.xml:20:9-54
82        android:supportsRtl="true"
82-->src\main\AndroidManifest.xml:21:9-35
83        android:theme="@style/Theme.InvokeIposGoSample"
83-->src\main\AndroidManifest.xml:22:9-56
84        android:windowSoftInputMode="stateHidden|adjustPan" >
84-->[com.denovo:topliteapp:6.0.0.153] AndroidManifest.xml:78:9-60
85        <activity
85-->src\main\AndroidManifest.xml:26:9-33:20
86            android:name="com.denovo.app.invokeiposgosample.MainActivity"
86-->src\main\AndroidManifest.xml:27:13-41
87            android:exported="true" >
87-->src\main\AndroidManifest.xml:28:13-36
88            <intent-filter>
88-->src\main\AndroidManifest.xml:29:13-32:29
89                <action android:name="android.intent.action.MAIN" />
89-->src\main\AndroidManifest.xml:30:17-69
89-->src\main\AndroidManifest.xml:30:25-66
90
91                <category android:name="android.intent.category.LAUNCHER" />
91-->src\main\AndroidManifest.xml:31:17-77
91-->src\main\AndroidManifest.xml:31:27-74
92            </intent-filter>
93        </activity>
94        <activity
94-->[com.denovo:topliteapp:6.0.0.153] AndroidManifest.xml:79:9-82:63
95            android:name="com.denovo.app.top.uilayer.pre_sale_ticket.UIPreSaleTransactionList"
95-->[com.denovo:topliteapp:6.0.0.153] AndroidManifest.xml:80:13-95
96            android:exported="false"
96-->[com.denovo:topliteapp:6.0.0.153] AndroidManifest.xml:81:13-37
97            android:windowSoftInputMode="stateAlwaysHidden" />
97-->[com.denovo:topliteapp:6.0.0.153] AndroidManifest.xml:82:13-60
98        <activity
98-->[com.denovo:topliteapp:6.0.0.153] AndroidManifest.xml:83:9-86:63
99            android:name="com.denovo.app.top.uilayer.pre_sale_ticket.UITxnStatusActivity"
99-->[com.denovo:topliteapp:6.0.0.153] AndroidManifest.xml:84:13-90
100            android:exported="false"
100-->[com.denovo:topliteapp:6.0.0.153] AndroidManifest.xml:85:13-37
101            android:windowSoftInputMode="stateAlwaysHidden" />
101-->[com.denovo:topliteapp:6.0.0.153] AndroidManifest.xml:86:13-60
102        <activity
102-->[com.denovo:topliteapp:6.0.0.153] AndroidManifest.xml:87:9-91:63
103            android:name="com.denovo.app.top.uilayer.pre_sale_ticket.UIPreSaleTicketScreen"
103-->[com.denovo:topliteapp:6.0.0.153] AndroidManifest.xml:88:13-92
104            android:exported="false"
104-->[com.denovo:topliteapp:6.0.0.153] AndroidManifest.xml:89:13-37
105            android:screenOrientation="portrait"
105-->[com.denovo:topliteapp:6.0.0.153] AndroidManifest.xml:90:13-49
106            android:windowSoftInputMode="stateAlwaysHidden" />
106-->[com.denovo:topliteapp:6.0.0.153] AndroidManifest.xml:91:13-60
107        <activity
107-->[com.denovo:topliteapp:6.0.0.153] AndroidManifest.xml:92:9-94:52
108            android:name="com.denovo.app.top.uilayer.send_link.SendLinkActivity"
108-->[com.denovo:topliteapp:6.0.0.153] AndroidManifest.xml:93:13-81
109            android:screenOrientation="portrait" />
109-->[com.denovo:topliteapp:6.0.0.153] AndroidManifest.xml:94:13-49
110        <activity
110-->[com.denovo:topliteapp:6.0.0.153] AndroidManifest.xml:95:9-97:52
111            android:name="com.denovo.app.top.uilayer.send_link.UISendPaymentLinkList"
111-->[com.denovo:topliteapp:6.0.0.153] AndroidManifest.xml:96:13-86
112            android:screenOrientation="portrait" />
112-->[com.denovo:topliteapp:6.0.0.153] AndroidManifest.xml:97:13-49
113        <activity
113-->[com.denovo:topliteapp:6.0.0.153] AndroidManifest.xml:98:9-100:58
114            android:name="com.denovo.app.top.uilayer.settings.TxnActivity"
114-->[com.denovo:topliteapp:6.0.0.153] AndroidManifest.xml:99:13-75
115            android:label="@string/title_activity_txn" />
115-->[com.denovo:topliteapp:6.0.0.153] AndroidManifest.xml:100:13-55
116        <activity
116-->[com.denovo:topliteapp:6.0.0.153] AndroidManifest.xml:101:9-104:52
117            android:name="com.denovo.app.top.uilayer.spin.user_choice.UIUserChoiceListActivity"
117-->[com.denovo:topliteapp:6.0.0.153] AndroidManifest.xml:102:13-96
118            android:exported="true"
118-->[com.denovo:topliteapp:6.0.0.153] AndroidManifest.xml:103:13-36
119            android:screenOrientation="portrait" />
119-->[com.denovo:topliteapp:6.0.0.153] AndroidManifest.xml:104:13-49
120        <activity
120-->[com.denovo:topliteapp:6.0.0.153] AndroidManifest.xml:105:9-108:52
121            android:name="com.denovo.app.top.uilayer.call_me_back.UICallMeBackScreen"
121-->[com.denovo:topliteapp:6.0.0.153] AndroidManifest.xml:106:13-86
122            android:exported="true"
122-->[com.denovo:topliteapp:6.0.0.153] AndroidManifest.xml:107:13-36
123            android:screenOrientation="portrait" />
123-->[com.denovo:topliteapp:6.0.0.153] AndroidManifest.xml:108:13-49
124        <activity
124-->[com.denovo:topliteapp:6.0.0.153] AndroidManifest.xml:109:9-114:63
125            android:name="com.denovo.app.top.uilayer.cardentry.UIDebitScreen"
125-->[com.denovo:topliteapp:6.0.0.153] AndroidManifest.xml:110:13-78
126            android:exported="true"
126-->[com.denovo:topliteapp:6.0.0.153] AndroidManifest.xml:111:13-36
127            android:launchMode="singleTop"
127-->[com.denovo:topliteapp:6.0.0.153] AndroidManifest.xml:112:13-43
128            android:screenOrientation="portrait"
128-->[com.denovo:topliteapp:6.0.0.153] AndroidManifest.xml:113:13-49
129            android:windowSoftInputMode="stateAlwaysHidden" />
129-->[com.denovo:topliteapp:6.0.0.153] AndroidManifest.xml:114:13-60
130        <activity
130-->[com.denovo:topliteapp:6.0.0.153] AndroidManifest.xml:115:9-118:52
131            android:name="com.denovo.app.top.uilayer.sense_pass.UIVoidWalletScreen"
131-->[com.denovo:topliteapp:6.0.0.153] AndroidManifest.xml:116:13-84
132            android:exported="true"
132-->[com.denovo:topliteapp:6.0.0.153] AndroidManifest.xml:117:13-36
133            android:screenOrientation="portrait" />
133-->[com.denovo:topliteapp:6.0.0.153] AndroidManifest.xml:118:13-49
134        <activity
134-->[com.denovo:topliteapp:6.0.0.153] AndroidManifest.xml:119:9-122:52
135            android:name="com.denovo.app.top.uilayer.splash.UISplashScreen"
135-->[com.denovo:topliteapp:6.0.0.153] AndroidManifest.xml:120:13-76
136            android:exported="true"
136-->[com.denovo:topliteapp:6.0.0.153] AndroidManifest.xml:121:13-36
137            android:screenOrientation="portrait" />
137-->[com.denovo:topliteapp:6.0.0.153] AndroidManifest.xml:122:13-49
138        <!--
139        <activity
140            android:exported="true"
141            android:name="com.denovo.app.top.uilayer.splash.UISplashScreen"
142            android:screenOrientation="portrait">
143            <intent-filter android:autoVerify="true">
144                <action android:name="android.intent.action.MAIN" />
145
146                <category android:name="android.intent.category.LAUNCHER" />
147            </intent-filter>
148        </activity>
149        -->
150        <activity
150-->[com.denovo:topliteapp:6.0.0.153] AndroidManifest.xml:135:9-137:52
151            android:name="com.denovo.app.top.uilayer.UIAmountEntryScreen"
151-->[com.denovo:topliteapp:6.0.0.153] AndroidManifest.xml:136:13-74
152            android:screenOrientation="portrait" />
152-->[com.denovo:topliteapp:6.0.0.153] AndroidManifest.xml:137:13-49
153        <activity
153-->[com.denovo:topliteapp:6.0.0.153] AndroidManifest.xml:138:9-140:52
154            android:name="com.denovo.app.top.uilayer.spin.UIUserInputActivity"
154-->[com.denovo:topliteapp:6.0.0.153] AndroidManifest.xml:139:13-79
155            android:screenOrientation="portrait" />
155-->[com.denovo:topliteapp:6.0.0.153] AndroidManifest.xml:140:13-49
156        <activity
156-->[com.denovo:topliteapp:6.0.0.153] AndroidManifest.xml:141:9-143:52
157            android:name="com.denovo.app.top.uilayer.cardpresent.UICardPresentScreen"
157-->[com.denovo:topliteapp:6.0.0.153] AndroidManifest.xml:142:13-86
158            android:screenOrientation="portrait" />
158-->[com.denovo:topliteapp:6.0.0.153] AndroidManifest.xml:143:13-49
159        <!--
160             <activity
161             android:name="com.denovo.app.top.uilayer.UICardEntryScreen"
162             android:launchMode="singleTop"
163             android:screenOrientation="portrait" />
164        -->
165        <activity
165-->[com.denovo:topliteapp:6.0.0.153] AndroidManifest.xml:150:9-153:56
166            android:name="com.denovo.app.top.uilayer.settings.MenuPasswordActivity"
166-->[com.denovo:topliteapp:6.0.0.153] AndroidManifest.xml:151:13-84
167            android:screenOrientation="portrait"
167-->[com.denovo:topliteapp:6.0.0.153] AndroidManifest.xml:152:13-49
168            android:theme="@style/TransparentCompat" />
168-->[com.denovo:topliteapp:6.0.0.153] AndroidManifest.xml:153:13-53
169        <activity
169-->[com.denovo:topliteapp:6.0.0.153] AndroidManifest.xml:154:9-157:56
170            android:name="com.denovo.app.top.uilayer.dialogs.PasswordActivity"
170-->[com.denovo:topliteapp:6.0.0.153] AndroidManifest.xml:155:13-79
171            android:screenOrientation="portrait"
171-->[com.denovo:topliteapp:6.0.0.153] AndroidManifest.xml:156:13-49
172            android:theme="@style/TransparentCompat" />
172-->[com.denovo:topliteapp:6.0.0.153] AndroidManifest.xml:157:13-53
173        <activity
173-->[com.denovo:topliteapp:6.0.0.153] AndroidManifest.xml:158:9-160:52
174            android:name="com.denovo.app.top.uilayer.result.ApprovedActivity"
174-->[com.denovo:topliteapp:6.0.0.153] AndroidManifest.xml:159:13-78
175            android:screenOrientation="portrait" />
175-->[com.denovo:topliteapp:6.0.0.153] AndroidManifest.xml:160:13-49
176        <activity
176-->[com.denovo:topliteapp:6.0.0.153] AndroidManifest.xml:161:9-165:52
177            android:name="com.denovo.app.top.uilayer.UISignatureScreen"
177-->[com.denovo:topliteapp:6.0.0.153] AndroidManifest.xml:162:13-72
178            android:hardwareAccelerated="false"
178-->[com.denovo:topliteapp:6.0.0.153] AndroidManifest.xml:163:13-48
179            android:launchMode="singleTop"
179-->[com.denovo:topliteapp:6.0.0.153] AndroidManifest.xml:164:13-43
180            android:screenOrientation="portrait" />
180-->[com.denovo:topliteapp:6.0.0.153] AndroidManifest.xml:165:13-49
181        <activity
181-->[com.denovo:topliteapp:6.0.0.153] AndroidManifest.xml:166:9-169:52
182            android:name="com.denovo.app.top.uilayer.UICustomerCopyScreen"
182-->[com.denovo:topliteapp:6.0.0.153] AndroidManifest.xml:167:13-75
183            android:launchMode="singleTop"
183-->[com.denovo:topliteapp:6.0.0.153] AndroidManifest.xml:168:13-43
184            android:screenOrientation="portrait" />
184-->[com.denovo:topliteapp:6.0.0.153] AndroidManifest.xml:169:13-49
185        <activity
185-->[com.denovo:topliteapp:6.0.0.153] AndroidManifest.xml:170:9-173:52
186            android:name="com.denovo.app.top.uilayer.dialogs.TrackValidationActivity"
186-->[com.denovo:topliteapp:6.0.0.153] AndroidManifest.xml:171:13-86
187            android:launchMode="singleTop"
187-->[com.denovo:topliteapp:6.0.0.153] AndroidManifest.xml:172:13-43
188            android:screenOrientation="portrait" />
188-->[com.denovo:topliteapp:6.0.0.153] AndroidManifest.xml:173:13-49
189        <!--
190<activity
191            android:name="com.denovo.app.top.uilayer.comm.UIWifiDetailsScreen"
192            android:screenOrientation="portrait" />
193        <activity
194            android:name="com.denovo.app.top.uilayer.comm.UIGPRSDetailsScreen"
195            android:screenOrientation="portrait" />
196        -->
197        <activity
197-->[com.denovo:topliteapp:6.0.0.153] AndroidManifest.xml:182:9-184:52
198            android:name="com.denovo.app.top.uilayer.settings.UISettingsScreen"
198-->[com.denovo:topliteapp:6.0.0.153] AndroidManifest.xml:183:13-80
199            android:screenOrientation="portrait" />
199-->[com.denovo:topliteapp:6.0.0.153] AndroidManifest.xml:184:13-49
200        <activity
200-->[com.denovo:topliteapp:6.0.0.153] AndroidManifest.xml:185:9-187:52
201            android:name="com.denovo.app.top.device.tap_on_phone.epay.hppPage.views.HppWebViewActivity"
201-->[com.denovo:topliteapp:6.0.0.153] AndroidManifest.xml:186:13-104
202            android:screenOrientation="portrait" />
202-->[com.denovo:topliteapp:6.0.0.153] AndroidManifest.xml:187:13-49
203        <activity
203-->[com.denovo:topliteapp:6.0.0.153] AndroidManifest.xml:188:9-190:52
204            android:name="com.denovo.app.top.uilayer.settings.lanuage.LanguageActivity"
204-->[com.denovo:topliteapp:6.0.0.153] AndroidManifest.xml:189:13-88
205            android:screenOrientation="portrait" />
205-->[com.denovo:topliteapp:6.0.0.153] AndroidManifest.xml:190:13-49
206        <activity
206-->[com.denovo:topliteapp:6.0.0.153] AndroidManifest.xml:191:9-193:52
207            android:name="com.denovo.app.top.uilayer.network.UINetworkActivity"
207-->[com.denovo:topliteapp:6.0.0.153] AndroidManifest.xml:192:13-80
208            android:screenOrientation="portrait" />
208-->[com.denovo:topliteapp:6.0.0.153] AndroidManifest.xml:193:13-49
209        <activity
209-->[com.denovo:topliteapp:6.0.0.153] AndroidManifest.xml:194:9-197:57
210            android:name="com.denovo.app.top.uilayer.network.StaticIpActivity"
210-->[com.denovo:topliteapp:6.0.0.153] AndroidManifest.xml:195:13-79
211            android:screenOrientation="portrait"
211-->[com.denovo:topliteapp:6.0.0.153] AndroidManifest.xml:196:13-49
212            android:windowSoftInputMode="stateHidden" />
212-->[com.denovo:topliteapp:6.0.0.153] AndroidManifest.xml:197:13-54
213        <activity
213-->[com.denovo:topliteapp:6.0.0.153] AndroidManifest.xml:198:9-200:52
214            android:name="com.denovo.app.top.uilayer.settings.UISupportScreen"
214-->[com.denovo:topliteapp:6.0.0.153] AndroidManifest.xml:199:13-79
215            android:screenOrientation="portrait" />
215-->[com.denovo:topliteapp:6.0.0.153] AndroidManifest.xml:200:13-49
216        <activity
216-->[com.denovo:topliteapp:6.0.0.153] AndroidManifest.xml:201:9-203:52
217            android:name="com.denovo.app.top.uilayer.ui_noreceipt.UISMSReceiptActivity"
217-->[com.denovo:topliteapp:6.0.0.153] AndroidManifest.xml:202:13-88
218            android:screenOrientation="portrait" />
218-->[com.denovo:topliteapp:6.0.0.153] AndroidManifest.xml:203:13-49
219        <activity
219-->[com.denovo:topliteapp:6.0.0.153] AndroidManifest.xml:204:9-207:52
220            android:name="com.denovo.app.top.uilayer.ui_noreceipt.UISuccessReceiptActivity"
220-->[com.denovo:topliteapp:6.0.0.153] AndroidManifest.xml:205:13-92
221            android:launchMode="singleTop"
221-->[com.denovo:topliteapp:6.0.0.153] AndroidManifest.xml:206:13-43
222            android:screenOrientation="portrait" />
222-->[com.denovo:topliteapp:6.0.0.153] AndroidManifest.xml:207:13-49
223        <activity
223-->[com.denovo:topliteapp:6.0.0.153] AndroidManifest.xml:208:9-211:57
224            android:name="com.denovo.app.top.uilayer.UIVoidScreen"
224-->[com.denovo:topliteapp:6.0.0.153] AndroidManifest.xml:209:13-67
225            android:screenOrientation="portrait"
225-->[com.denovo:topliteapp:6.0.0.153] AndroidManifest.xml:210:13-49
226            android:windowSoftInputMode="stateHidden" />
226-->[com.denovo:topliteapp:6.0.0.153] AndroidManifest.xml:211:13-54
227        <activity
227-->[com.denovo:topliteapp:6.0.0.153] AndroidManifest.xml:212:9-215:57
228            android:name="com.denovo.app.top.uilayer.UIReprintReceiptActivity"
228-->[com.denovo:topliteapp:6.0.0.153] AndroidManifest.xml:213:13-79
229            android:screenOrientation="portrait"
229-->[com.denovo:topliteapp:6.0.0.153] AndroidManifest.xml:214:13-49
230            android:windowSoftInputMode="stateHidden" />
230-->[com.denovo:topliteapp:6.0.0.153] AndroidManifest.xml:215:13-54
231        <activity
231-->[com.denovo:topliteapp:6.0.0.153] AndroidManifest.xml:216:9-219:57
232            android:name="com.denovo.app.top.uilayer.ui_noreceipt.UIEmailReceiptActivity"
232-->[com.denovo:topliteapp:6.0.0.153] AndroidManifest.xml:217:13-90
233            android:screenOrientation="portrait"
233-->[com.denovo:topliteapp:6.0.0.153] AndroidManifest.xml:218:13-49
234            android:windowSoftInputMode="stateHidden" />
234-->[com.denovo:topliteapp:6.0.0.153] AndroidManifest.xml:219:13-54
235        <activity
235-->[com.denovo:topliteapp:6.0.0.153] AndroidManifest.xml:220:9-224:57
236            android:name="com.denovo.app.top.uilayer.UIManualKeyEntry"
236-->[com.denovo:topliteapp:6.0.0.153] AndroidManifest.xml:221:13-71
237            android:launchMode="singleTop"
237-->[com.denovo:topliteapp:6.0.0.153] AndroidManifest.xml:222:13-43
238            android:screenOrientation="portrait"
238-->[com.denovo:topliteapp:6.0.0.153] AndroidManifest.xml:223:13-49
239            android:windowSoftInputMode="stateHidden" />
239-->[com.denovo:topliteapp:6.0.0.153] AndroidManifest.xml:224:13-54
240        <activity
240-->[com.denovo:topliteapp:6.0.0.153] AndroidManifest.xml:225:9-227:52
241            android:name="com.denovo.app.top.uilayer.batchprofile.UIBatchDataActivity"
241-->[com.denovo:topliteapp:6.0.0.153] AndroidManifest.xml:226:13-87
242            android:screenOrientation="portrait" />
242-->[com.denovo:topliteapp:6.0.0.153] AndroidManifest.xml:227:13-49
243        <activity
243-->[com.denovo:topliteapp:6.0.0.153] AndroidManifest.xml:228:9-230:52
244            android:name="com.denovo.app.top.uilayer.reports.UIReportActivity"
244-->[com.denovo:topliteapp:6.0.0.153] AndroidManifest.xml:229:13-79
245            android:screenOrientation="portrait" />
245-->[com.denovo:topliteapp:6.0.0.153] AndroidManifest.xml:230:13-49
246        <activity
246-->[com.denovo:topliteapp:6.0.0.153] AndroidManifest.xml:231:9-233:52
247            android:name="com.denovo.app.top.uilayer.reports.UIBatchReportActivity"
247-->[com.denovo:topliteapp:6.0.0.153] AndroidManifest.xml:232:13-84
248            android:screenOrientation="portrait" />
248-->[com.denovo:topliteapp:6.0.0.153] AndroidManifest.xml:233:13-49
249        <activity
249-->[com.denovo:topliteapp:6.0.0.153] AndroidManifest.xml:234:9-236:52
250            android:name="com.denovo.app.top.uilayer.BaseActivity"
250-->[com.denovo:topliteapp:6.0.0.153] AndroidManifest.xml:235:13-67
251            android:screenOrientation="portrait" />
251-->[com.denovo:topliteapp:6.0.0.153] AndroidManifest.xml:236:13-49
252        <activity
252-->[com.denovo:topliteapp:6.0.0.153] AndroidManifest.xml:237:9-241:57
253            android:name="com.denovo.app.top.uilayer.tip.TipActivity"
253-->[com.denovo:topliteapp:6.0.0.153] AndroidManifest.xml:238:13-70
254            android:launchMode="singleTop"
254-->[com.denovo:topliteapp:6.0.0.153] AndroidManifest.xml:239:13-43
255            android:screenOrientation="portrait"
255-->[com.denovo:topliteapp:6.0.0.153] AndroidManifest.xml:240:13-49
256            android:windowSoftInputMode="stateHidden" />
256-->[com.denovo:topliteapp:6.0.0.153] AndroidManifest.xml:241:13-54
257        <activity
257-->[com.denovo:topliteapp:6.0.0.153] AndroidManifest.xml:242:9-246:57
258            android:name="com.denovo.app.top.uilayer.breakup.BreakUpActivity"
258-->[com.denovo:topliteapp:6.0.0.153] AndroidManifest.xml:243:13-78
259            android:launchMode="singleTop"
259-->[com.denovo:topliteapp:6.0.0.153] AndroidManifest.xml:244:13-43
260            android:screenOrientation="portrait"
260-->[com.denovo:topliteapp:6.0.0.153] AndroidManifest.xml:245:13-49
261            android:windowSoftInputMode="stateHidden" />
261-->[com.denovo:topliteapp:6.0.0.153] AndroidManifest.xml:246:13-54
262        <activity
262-->[com.denovo:topliteapp:6.0.0.153] AndroidManifest.xml:247:9-249:52
263            android:name="com.denovo.app.top.uilayer.demo_mode.DemoModeActivity"
263-->[com.denovo:topliteapp:6.0.0.153] AndroidManifest.xml:248:13-81
264            android:screenOrientation="portrait" />
264-->[com.denovo:topliteapp:6.0.0.153] AndroidManifest.xml:249:13-49
265        <activity
265-->[com.denovo:topliteapp:6.0.0.153] AndroidManifest.xml:250:9-252:52
266            android:name="com.denovo.app.top.uilayer.demo_mode.AllTransactionsActivity"
266-->[com.denovo:topliteapp:6.0.0.153] AndroidManifest.xml:251:13-88
267            android:screenOrientation="portrait" />
267-->[com.denovo:topliteapp:6.0.0.153] AndroidManifest.xml:252:13-49
268        <activity
268-->[com.denovo:topliteapp:6.0.0.153] AndroidManifest.xml:253:9-256:52
269            android:name="com.denovo.app.top.uilayer.tip.CustomTipActivity"
269-->[com.denovo:topliteapp:6.0.0.153] AndroidManifest.xml:254:13-76
270            android:launchMode="singleTop"
270-->[com.denovo:topliteapp:6.0.0.153] AndroidManifest.xml:255:13-43
271            android:screenOrientation="portrait" />
271-->[com.denovo:topliteapp:6.0.0.153] AndroidManifest.xml:256:13-49
272        <activity
272-->[com.denovo:topliteapp:6.0.0.153] AndroidManifest.xml:257:9-259:52
273            android:name="com.denovo.app.top.uilayer.UISettlementScreen"
273-->[com.denovo:topliteapp:6.0.0.153] AndroidManifest.xml:258:13-73
274            android:screenOrientation="portrait" />
274-->[com.denovo:topliteapp:6.0.0.153] AndroidManifest.xml:259:13-49
275        <activity
275-->[com.denovo:topliteapp:6.0.0.153] AndroidManifest.xml:260:9-263:52